2019-08-29 13:32:44.211 [main] ERROR o.s.b.context.logging.LoggingApplicationListener - Cannot set level 'debug,info,error' for 'null'
2019-08-29 15:35:48.020 [main] ERROR o.s.b.context.logging.LoggingApplicationListener - Cannot set level 'debug,info,error' for 'null'
2019-08-29 15:36:29.007 [main] ERROR o.s.b.context.logging.LoggingApplicationListener - Cannot set level 'debug,info,error' for 'null'
2019-08-29 15:36:54.418 [main] ERROR o.s.b.context.logging.LoggingApplicationListener - Cannot set level 'debug,info,error' for 'null'
2019-08-29 15:38:43.664 [main] ERROR o.s.b.context.logging.LoggingApplicationListener - Cannot set level 'debug,info,error' for 'null'
2019-08-29 15:43:40.353 [main] ERROR o.s.b.context.logging.LoggingApplicationListener - Cannot set level 'debug,info,error' for 'null'
2019-08-29 15:44:27.861 [main] ERROR o.s.b.context.logging.LoggingApplicationListener - Cannot set level 'debug,info,error' for 'null'
2019-08-29 15:44:29.721 [main] ERROR com.version.common.util.LoggerUtil - java.lang.Exception: 扫描出重复的消息号:demo:201
	at com.version.common.manager.TcpControllerManager.findClass(TcpControllerManager.java:43)
	at com.version.common.find.DynamicFind.findOne(DynamicFind.java:32)
	at com.version.common.find.DynamicFind.find(DynamicFind.java:26)
	at com.version.common.find.DynamicFind.start(DynamicFind.java:116)
	at com.version.InitConfig.onApplicationEvent(InitConfig.java:30)
	at com.version.InitConfig.onApplicationEvent(InitConfig.java:1)
	at org.springframework.context.event.SimpleApplicationEventMulticaster.doInvokeListener(SimpleApplicationEventMulticaster.java:172)
	at org.springframework.context.event.SimpleApplicationEventMulticaster.invokeListener(SimpleApplicationEventMulticaster.java:165)
	at org.springframework.context.event.SimpleApplicationEventMulticaster.multicastEvent(SimpleApplicationEventMulticaster.java:139)
	at org.springframework.context.support.AbstractApplicationContext.publishEvent(AbstractApplicationContext.java:402)
	at org.springframework.context.support.AbstractApplicationContext.publishEvent(AbstractApplicationContext.java:359)
	at org.springframework.context.support.AbstractApplicationContext.finishRefresh(AbstractApplicationContext.java:896)
	at org.springframework.boot.web.servlet.context.ServletWebServerApplicationContext.finishRefresh(ServletWebServerApplicationContext.java:161)
	at org.springframework.context.support.AbstractApplicationContext.refresh(AbstractApplicationContext.java:552)
	at org.springframework.boot.web.servlet.context.ServletWebServerApplicationContext.refresh(ServletWebServerApplicationContext.java:140)
	at org.springframework.boot.SpringApplication.refresh(SpringApplication.java:742)
	at org.springframework.boot.SpringApplication.refreshContext(SpringApplication.java:389)
	at org.springframework.boot.SpringApplication.run(SpringApplication.java:311)
	at org.springframework.boot.SpringApplication.run(SpringApplication.java:1213)
	at org.springframework.boot.SpringApplication.run(SpringApplication.java:1202)
	at com.version.Application.main(Application.java:15)

2019-08-29 15:44:29.721 [main] ERROR com.version.common.util.LoggerUtil - netty服务器启动失败
2019-08-29 15:46:03.246 [main] ERROR o.s.b.context.logging.LoggingApplicationListener - Cannot set level 'debug,info,error' for 'null'
2019-08-29 15:48:38.622 [main] ERROR o.s.b.context.logging.LoggingApplicationListener - Cannot set level 'debug,info,error' for 'null'
2019-08-29 16:18:19.743 [main] ERROR o.s.b.context.logging.LoggingApplicationListener - Cannot set level 'debug,info,error' for 'null'
2019-08-29 16:19:30.379 [main] ERROR o.s.b.context.logging.LoggingApplicationListener - Cannot set level 'debug,info,error' for 'null'
2019-08-29 16:20:32.481 [nioEventLoopGroup-2-1] ERROR com.version.common.util.LoggerUtil - 请求找不到处理器,消息号:200
2019-08-29 16:22:09.979 [main] ERROR o.s.b.context.logging.LoggingApplicationListener - Cannot set level 'debug,info,error' for 'null'
2019-08-29 16:22:23.369 [main] ERROR o.s.b.context.logging.LoggingApplicationListener - Cannot set level 'debug,info,error' for 'null'
2019-08-29 16:24:07.637 [main] ERROR o.s.b.context.logging.LoggingApplicationListener - Cannot set level 'debug,info,error' for 'null'
2019-08-29 16:41:49.019 [main] ERROR o.s.b.context.logging.LoggingApplicationListener - Cannot set level 'debug,info,error' for 'null'
2019-08-29 16:41:53.331 [main] ERROR o.s.b.context.logging.LoggingApplicationListener - Cannot set level 'debug,info,error' for 'null'
2019-08-29 16:42:49.836 [main] ERROR o.s.b.context.logging.LoggingApplicationListener - Cannot set level 'debug,info,error' for 'null'
2019-08-29 16:42:51.964 [main] ERROR org.apache.catalina.util.LifecycleBase - Failed to start component [Connector[HTTP/1.1-1001]]
org.apache.catalina.LifecycleException: Protocol handler start failed
	at org.apache.catalina.connector.Connector.startInternal(Connector.java:1008)
	at org.apache.catalina.util.LifecycleBase.start(LifecycleBase.java:183)
	at org.apache.catalina.core.StandardService.addConnector(StandardService.java:227)
	at org.springframework.boot.web.embedded.tomcat.TomcatWebServer.addPreviouslyRemovedConnectors(TomcatWebServer.java:263)
	at org.springframework.boot.web.embedded.tomcat.TomcatWebServer.start(TomcatWebServer.java:195)
	at org.springframework.boot.web.servlet.context.ServletWebServerApplicationContext.startWebServer(ServletWebServerApplicationContext.java:296)
	at org.springframework.boot.web.servlet.context.ServletWebServerApplicationContext.finishRefresh(ServletWebServerApplicationContext.java:162)
	at org.springframework.context.support.AbstractApplicationContext.refresh(AbstractApplicationContext.java:552)
	at org.springframework.boot.web.servlet.context.ServletWebServerApplicationContext.refresh(ServletWebServerApplicationContext.java:140)
	at org.springframework.boot.SpringApplication.refresh(SpringApplication.java:742)
	at org.springframework.boot.SpringApplication.refreshContext(SpringApplication.java:389)
	at org.springframework.boot.SpringApplication.run(SpringApplication.java:311)
	at org.springframework.boot.SpringApplication.run(SpringApplication.java:1213)
	at org.springframework.boot.SpringApplication.run(SpringApplication.java:1202)
	at com.version.Application.main(Application.java:15)
Caused by: java.net.BindException: Address already in use: bind
	at sun.nio.ch.Net.bind0(Native Method)
	at sun.nio.ch.Net.bind(Net.java:433)
	at sun.nio.ch.Net.bind(Net.java:425)
	at sun.nio.ch.ServerSocketChannelImpl.bind(ServerSocketChannelImpl.java:223)
	at sun.nio.ch.ServerSocketAdaptor.bind(ServerSocketAdaptor.java:74)
	at org.apache.tomcat.util.net.NioEndpoint.initServerSocket(NioEndpoint.java:230)
	at org.apache.tomcat.util.net.NioEndpoint.bind(NioEndpoint.java:213)
	at org.apache.tomcat.util.net.AbstractEndpoint.bindWithCleanup(AbstractEndpoint.java:1124)
	at org.apache.tomcat.util.net.AbstractEndpoint.start(AbstractEndpoint.java:1210)
	at org.apache.coyote.AbstractProtocol.start(AbstractProtocol.java:585)
	at org.apache.catalina.connector.Connector.startInternal(Connector.java:1005)
	... 14 common frames omitted
2019-08-29 16:42:51.989 [main] ERROR o.s.b.diagnostics.LoggingFailureAnalysisReporter - 

***************************
APPLICATION FAILED TO START
***************************

Description:

The Tomcat connector configured to listen on port 1001 failed to start. The port may already be in use or the connector may be misconfigured.

Action:

Verify the connector's configuration, identify and stop any process that's listening on port 1001, or configure this application to listen on another port.

2019-08-29 16:42:52.532 [main] ERROR o.s.b.context.logging.LoggingApplicationListener - Cannot set level 'debug,info,error' for 'null'
2019-08-29 16:42:54.407 [main] ERROR org.apache.catalina.util.LifecycleBase - Failed to start component [Connector[HTTP/1.1-1001]]
org.apache.catalina.LifecycleException: Protocol handler start failed
	at org.apache.catalina.connector.Connector.startInternal(Connector.java:1008)
	at org.apache.catalina.util.LifecycleBase.start(LifecycleBase.java:183)
	at org.apache.catalina.core.StandardService.addConnector(StandardService.java:227)
	at org.springframework.boot.web.embedded.tomcat.TomcatWebServer.addPreviouslyRemovedConnectors(TomcatWebServer.java:263)
	at org.springframework.boot.web.embedded.tomcat.TomcatWebServer.start(TomcatWebServer.java:195)
	at org.springframework.boot.web.servlet.context.ServletWebServerApplicationContext.startWebServer(ServletWebServerApplicationContext.java:296)
	at org.springframework.boot.web.servlet.context.ServletWebServerApplicationContext.finishRefresh(ServletWebServerApplicationContext.java:162)
	at org.springframework.context.support.AbstractApplicationContext.refresh(AbstractApplicationContext.java:552)
	at org.springframework.boot.web.servlet.context.ServletWebServerApplicationContext.refresh(ServletWebServerApplicationContext.java:140)
	at org.springframework.boot.SpringApplication.refresh(SpringApplication.java:742)
	at org.springframework.boot.SpringApplication.refreshContext(SpringApplication.java:389)
	at org.springframework.boot.SpringApplication.run(SpringApplication.java:311)
	at org.springframework.boot.SpringApplication.run(SpringApplication.java:1213)
	at org.springframework.boot.SpringApplication.run(SpringApplication.java:1202)
	at com.version.Application.main(Application.java:15)
Caused by: java.net.BindException: Address already in use: bind
	at sun.nio.ch.Net.bind0(Native Method)
	at sun.nio.ch.Net.bind(Net.java:433)
	at sun.nio.ch.Net.bind(Net.java:425)
	at sun.nio.ch.ServerSocketChannelImpl.bind(ServerSocketChannelImpl.java:223)
	at sun.nio.ch.ServerSocketAdaptor.bind(ServerSocketAdaptor.java:74)
	at org.apache.tomcat.util.net.NioEndpoint.initServerSocket(NioEndpoint.java:230)
	at org.apache.tomcat.util.net.NioEndpoint.bind(NioEndpoint.java:213)
	at org.apache.tomcat.util.net.AbstractEndpoint.bindWithCleanup(AbstractEndpoint.java:1124)
	at org.apache.tomcat.util.net.AbstractEndpoint.start(AbstractEndpoint.java:1210)
	at org.apache.coyote.AbstractProtocol.start(AbstractProtocol.java:585)
	at org.apache.catalina.connector.Connector.startInternal(Connector.java:1005)
	... 14 common frames omitted
2019-08-29 16:42:54.429 [main] ERROR o.s.b.diagnostics.LoggingFailureAnalysisReporter - 

***************************
APPLICATION FAILED TO START
***************************

Description:

The Tomcat connector configured to listen on port 1001 failed to start. The port may already be in use or the connector may be misconfigured.

Action:

Verify the connector's configuration, identify and stop any process that's listening on port 1001, or configure this application to listen on another port.

2019-08-29 16:43:42.073 [main] ERROR o.s.b.context.logging.LoggingApplicationListener - Cannot set level 'debug,info,error' for 'null'
2019-08-29 16:44:00.720 [main] ERROR o.s.b.context.logging.LoggingApplicationListener - Cannot set level 'debug,info,error' for 'null'
2019-08-29 16:49:07.276 [main] ERROR o.s.b.context.logging.LoggingApplicationListener - Cannot set level 'debug,info,error' for 'null'
2019-08-29 16:49:09.945 [main] ERROR o.s.b.context.logging.LoggingApplicationListener - Cannot set level 'debug,info,error' for 'null'
2019-08-29 16:49:25.981 [http-nio-1001-exec-2] ERROR com.version.common.util.LoggerUtil - java.lang.NumberFormatException: For input string: "127.0.0.1"
	at java.lang.NumberFormatException.forInputString(NumberFormatException.java:65)
	at java.lang.Integer.parseInt(Integer.java:580)
	at java.lang.Integer.parseInt(Integer.java:615)
	at com.version.sdk.tcp.TcpManager.createSeverTcp(TcpManager.java:71)
	at com.version.controller.TestController.addClient(TestController.java:94)
	at sun.reflect.NativeMethodAccessorImpl.invoke0(Native Method)
	at sun.reflect.NativeMethodAccessorImpl.invoke(NativeMethodAccessorImpl.java:62)
	at sun.reflect.DelegatingMethodAccessorImpl.invoke(DelegatingMethodAccessorImpl.java:43)
	at java.lang.reflect.Method.invoke(Method.java:498)
	at org.springframework.web.method.support.InvocableHandlerMethod.doInvoke(InvocableHandlerMethod.java:190)
	at org.springframework.web.method.support.InvocableHandlerMethod.invokeForRequest(InvocableHandlerMethod.java:138)
	at org.springframework.web.servlet.mvc.method.annotation.ServletInvocableHandlerMethod.invokeAndHandle(ServletInvocableHandlerMethod.java:104)
	at org.springframework.web.servlet.mvc.method.annotation.RequestMappingHandlerAdapter.invokeHandlerMethod(RequestMappingHandlerAdapter.java:892)
	at org.springframework.web.servlet.mvc.method.annotation.RequestMappingHandlerAdapter.handleInternal(RequestMappingHandlerAdapter.java:797)
	at org.springframework.web.servlet.mvc.method.AbstractHandlerMethodAdapter.handle(AbstractHandlerMethodAdapter.java:87)
	at org.springframework.web.servlet.DispatcherServlet.doDispatch(DispatcherServlet.java:1039)
	at org.springframework.web.servlet.DispatcherServlet.doService(DispatcherServlet.java:942)
	at org.springframework.web.servlet.FrameworkServlet.processRequest(FrameworkServlet.java:1005)
	at org.springframework.web.servlet.FrameworkServlet.doGet(FrameworkServlet.java:897)
	at javax.servlet.http.HttpServlet.service(HttpServlet.java:634)
	at org.springframework.web.servlet.FrameworkServlet.service(FrameworkServlet.java:882)
	at javax.servlet.http.HttpServlet.service(HttpServlet.java:741)
	at org.apache.catalina.core.ApplicationFilterChain.internalDoFilter(ApplicationFilterChain.java:231)
	at org.apache.catalina.core.ApplicationFilterChain.doFilter(ApplicationFilterChain.java:166)
	at org.apache.tomcat.websocket.server.WsFilter.doFilter(WsFilter.java:53)
	at org.apache.catalina.core.ApplicationFilterChain.internalDoFilter(ApplicationFilterChain.java:193)
	at org.apache.catalina.core.ApplicationFilterChain.doFilter(ApplicationFilterChain.java:166)
	at org.springframework.web.filter.RequestContextFilter.doFilterInternal(RequestContextFilter.java:99)
	at org.springframework.web.filter.OncePerRequestFilter.doFilter(OncePerRequestFilter.java:109)
	at org.apache.catalina.core.ApplicationFilterChain.internalDoFilter(ApplicationFilterChain.java:193)
	at org.apache.catalina.core.ApplicationFilterChain.doFilter(ApplicationFilterChain.java:166)
	at org.springframework.web.filter.FormContentFilter.doFilterInternal(FormContentFilter.java:92)
	at org.springframework.web.filter.OncePerRequestFilter.doFilter(OncePerRequestFilter.java:109)
	at org.apache.catalina.core.ApplicationFilterChain.internalDoFilter(ApplicationFilterChain.java:193)
	at org.apache.catalina.core.ApplicationFilterChain.doFilter(ApplicationFilterChain.java:166)
	at org.springframework.web.filter.HiddenHttpMethodFilter.doFilterInternal(HiddenHttpMethodFilter.java:93)
	at org.springframework.web.filter.OncePerRequestFilter.doFilter(OncePerRequestFilter.java:109)
	at org.apache.catalina.core.ApplicationFilterChain.internalDoFilter(ApplicationFilterChain.java:193)
	at org.apache.catalina.core.ApplicationFilterChain.doFilter(ApplicationFilterChain.java:166)
	at org.springframework.web.filter.CharacterEncodingFilter.doFilterInternal(CharacterEncodingFilter.java:200)
	at org.springframework.web.filter.OncePerRequestFilter.doFilter(OncePerRequestFilter.java:109)
	at org.apache.catalina.core.ApplicationFilterChain.internalDoFilter(ApplicationFilterChain.java:193)
	at org.apache.catalina.core.ApplicationFilterChain.doFilter(ApplicationFilterChain.java:166)
	at org.apache.catalina.core.StandardWrapperValve.invoke(StandardWrapperValve.java:202)
	at org.apache.catalina.core.StandardContextValve.invoke(StandardContextValve.java:96)
	at org.apache.catalina.authenticator.AuthenticatorBase.invoke(AuthenticatorBase.java:490)
	at org.apache.catalina.core.StandardHostValve.invoke(StandardHostValve.java:139)
	at org.apache.catalina.valves.ErrorReportValve.invoke(ErrorReportValve.java:92)
	at org.apache.catalina.core.StandardEngineValve.invoke(StandardEngineValve.java:74)
	at org.apache.catalina.connector.CoyoteAdapter.service(CoyoteAdapter.java:343)
	at org.apache.coyote.http11.Http11Processor.service(Http11Processor.java:408)
	at org.apache.coyote.AbstractProcessorLight.process(AbstractProcessorLight.java:66)
	at org.apache.coyote.AbstractProtocol$ConnectionHandler.process(AbstractProtocol.java:853)
	at org.apache.tomcat.util.net.NioEndpoint$SocketProcessor.doRun(NioEndpoint.java:1587)
	at org.apache.tomcat.util.net.SocketProcessorBase.run(SocketProcessorBase.java:49)
	at java.util.concurrent.ThreadPoolExecutor.runWorker(ThreadPoolExecutor.java:1149)
	at java.util.concurrent.ThreadPoolExecutor$Worker.run(ThreadPoolExecutor.java:624)
	at org.apache.tomcat.util.threads.TaskThread$WrappingRunnable.run(TaskThread.java:61)
	at java.lang.Thread.run(Thread.java:748)

2019-08-29 16:56:22.773 [main] ERROR o.s.b.context.logging.LoggingApplicationListener - Cannot set level 'debug,info,error' for 'null'
2019-08-29 16:56:28.042 [main] ERROR o.s.b.context.logging.LoggingApplicationListener - Cannot set level 'debug,info,error' for 'null'
2019-08-29 17:10:25.687 [main] ERROR o.s.b.context.logging.LoggingApplicationListener - Cannot set level 'debug,info,error' for 'null'
2019-08-29 17:10:40.404 [main] ERROR o.s.b.context.logging.LoggingApplicationListener - Cannot set level 'debug,info,error' for 'null'
